Using pre-set license
Built from '2020.3/release' branch; Version is '2020.3.12f1 (b3b2c6512326) revision 11776710'; Using compiler version '192528614'; Build Type 'Release'
OS: 'Windows 10 Pro; OS build 19042.1110; Version 2009; 64bit' Language: 'en' Physical Memory: 5979 MB
BatchMode: 1, IsHumanControllingUs: 0, StartBugReporterOnCrash: 0, Is64bit: 1, IsPro: 0

 COMMAND LINE ARGUMENTS:
C:\Program Files\Unity\Hub\Editor\2020.3.12f1\Editor\Unity.exe
-adb2
-batchMode
-noUpm
-name
AssetImportWorker3
-projectPath
C:/Users/admin/OneDrive/Documents/Unity/Group 2 Fighting Game
-logFile
Logs/AssetImportWorker3.log
-srvPort
56065
Successfully changed project path to: C:/Users/admin/OneDrive/Documents/Unity/Group 2 Fighting Game
C:/Users/admin/OneDrive/Documents/Unity/Group 2 Fighting Game
Using Asset Import Pipeline V2.
Refreshing native plugins compatible for Editor in 85.48 ms, found 3 plugins.
Preloading 0 native plugins for Editor in 0.00 ms.
Initialize engine version: 2020.3.12f1 (b3b2c6512326)
[Subsystems] Discovering subsystems at path C:/Program Files/Unity/Hub/Editor/2020.3.12f1/Editor/Data/Resources/UnitySubsystems
[Subsystems] Discovering subsystems at path C:/Users/admin/OneDrive/Documents/Unity/Group 2 Fighting Game/Assets
GfxDevice: creating device client; threaded=0
Direct3D:
    Version:  Direct3D 11.0 [level 10.0]
    Renderer: Intel(R) Q45/Q43 Express Chipset (Microsoft Corporation - WDDM 1.1) (ID=0x2e12)
    Vendor:   
    VRAM:     128 MB
    Driver:   8.15.10.2702
Initialize mono
Mono path[0] = 'C:/Program Files/Unity/Hub/Editor/2020.3.12f1/Editor/Data/Managed'
Mono path[1] = 'C:/Program Files/Unity/Hub/Editor/2020.3.12f1/Editor/Data/MonoBleedingEdge/lib/mono/unityjit'
Mono config path = 'C:/Program Files/Unity/Hub/Editor/2020.3.12f1/Editor/Data/MonoBleedingEdge/etc'
Using monoOptions --debugger-agent=transport=dt_socket,embedding=1,server=y,suspend=n,address=127.0.0.1:56976
Begin MonoManager ReloadAssembly
Registering precompiled unity dll's ...
Register platform support module: C:/Program Files/Unity/Hub/Editor/2020.3.12f1/Editor/Data/PlaybackEngines/WebGLSupport/UnityEditor.WebGL.Extensions.dll
Register platform support module: C:/Program Files/Unity/Hub/Editor/2020.3.12f1/Editor/Data/PlaybackEngines/WindowsStandaloneSupport/UnityEditor.WindowsStandalone.Extensions.dll
Registered in 0.005268 seconds.
Native extension for WindowsStandalone target not found
Native extension for WebGL target not found
Refreshing native plugins compatible for Editor in 106.37 ms, found 3 plugins.
Preloading 0 native plugins for Editor in 0.00 ms.
Mono: successfully reloaded assembly
- Completed reload, in  4.461 seconds
Platform modules already initialized, skipping
Registering precompiled user dll's ...
Registered in 0.009357 seconds.
Begin MonoManager ReloadAssembly
Native extension for WindowsStandalone target not found
Native extension for WebGL target not found
Refreshing native plugins compatible for Editor in 121.45 ms, found 3 plugins.
Preloading 0 native plugins for Editor in 0.00 ms.
Mono: successfully reloaded assembly
- Completed reload, in  2.487 seconds
Platform modules already initialized, skipping
========================================================================
Worker process is ready to serve import requests
Launched and connected shader compiler UnityShaderCompiler.exe after 0.15 seconds
Refreshing native plugins compatible for Editor in 0.75 ms, found 3 plugins.
Preloading 0 native plugins for Editor in 0.00 ms.
Unloading 2080 Unused Serialized files (Serialized files now loaded: 0)
System memory in use before: 95.5 MB.
System memory in use after: 95.5 MB.

Unloading 33 unused Assets to reduce memory usage. Loaded Objects now: 2512.
Total: 4.201900 ms (FindLiveObjects: 0.405200 ms CreateObjectMapping: 0.100500 ms MarkObjects: 3.447000 ms  DeleteObjects: 0.247200 ms)

AssetImportParameters requested are different than current active one (requested -> active):
  custom:framework-win-MediaFoundation: 216162199b28c13a410421893ffa2e32 -> 
  custom:video-decoder-ogg-theora: a1e56fd34408186e4bbccfd4996cb3dc -> 
  custom:container-muxer-webm: aa71ff27fc2769a1b78a27578f13a17b -> 
  custom:container-demuxer-webm: 4f35f7cbe854078d1ac9338744f61a02 -> 
  custom:container-demuxer-ogg: 62fdf1f143b41e24485cea50d1cbac27 -> 
  custom:video-encoder-webm-vp8: eb34c28f22e8b96e1ab97ce403110664 -> 
  custom:video-decoder-webm-vp8: 9c59270c3fd7afecdb556c50c9e8de78 -> 
  custom:audio-decoder-ogg-vorbis: bf7c407c2cedff20999df2af8eb42d56 -> 
  custom:audio-encoder-webm-vorbis: bf7c407c2cedff20999df2af8eb42d56 -> 
========================================================================
Received Import Request.
  path: Assets
  artifactKey: Guid(00000000000000001000000000000000) Importer(815301076,1909f56bfc062723c751e8b465ee728b)
Start importing Assets using Guid(00000000000000001000000000000000) Importer(815301076,1909f56bfc062723c751e8b465ee728b)  -> (artifact id: '42d402b061de3733987d63b9cc3b64de') in 0.062296 seconds 
  Import took 0.077738 seconds .

========================================================================
Received Import Request.
  Time since last request: 135.583807 seconds.
  path: Assets/MaiGame
  artifactKey: Guid(996ae8c250f2442419a5c9be7283346d) Importer(815301076,1909f56bfc062723c751e8b465ee728b)
Start importing Assets/MaiGame using Guid(996ae8c250f2442419a5c9be7283346d) Importer(815301076,1909f56bfc062723c751e8b465ee728b)  -> (artifact id: 'e3f8fcba9450e3a67b02835d48f85909') in 0.064243 seconds 
  Import took 0.107716 seconds .

========================================================================
Received Import Request.
  Time since last request: 10.454028 seconds.
  path: Assets/Main Game
  artifactKey: Guid(996ae8c250f2442419a5c9be7283346d) Importer(815301076,1909f56bfc062723c751e8b465ee728b)
Start importing Assets/Main Game using Guid(996ae8c250f2442419a5c9be7283346d) Importer(815301076,1909f56bfc062723c751e8b465ee728b)  -> (artifact id: '262c5355f0d08d636b4d03ba37275cac') in 0.052592 seconds 
  Import took 0.066889 seconds .

========================================================================
Received Import Request.
  Time since last request: 23.214188 seconds.
  path: Assets/Seperate Projects
  artifactKey: Guid(a2d4fd320f20ca84da12bc5ad1480f61) Importer(815301076,1909f56bfc062723c751e8b465ee728b)
Start importing Assets/Seperate Projects using Guid(a2d4fd320f20ca84da12bc5ad1480f61) Importer(815301076,1909f56bfc062723c751e8b465ee728b)  -> (artifact id: '169512eb57d9144ddc7de5d8ac9f3ff3') in 0.074077 seconds 
  Import took 0.092908 seconds .

========================================================================
Received Import Request.
  Time since last request: 10.366368 seconds.
  path: Assets/Seperate Projects/Dayvonte
  artifactKey: Guid(06a2985642dfd40429d019abd4bed664) Importer(815301076,1909f56bfc062723c751e8b465ee728b)
Start importing Assets/Seperate Projects/Dayvonte using Guid(06a2985642dfd40429d019abd4bed664) Importer(815301076,1909f56bfc062723c751e8b465ee728b)  -> (artifact id: 'e91508a2704a141c857fc92f5e0b3fd4') in 0.044269 seconds 
  Import took 0.084361 seconds .

========================================================================
Received Import Request.
  Time since last request: 6.707630 seconds.
  path: Assets/Seperate Projects/Joseph
  artifactKey: Guid(a8544f35ff0b0ee45aff80013ea6e76a) Importer(815301076,1909f56bfc062723c751e8b465ee728b)
Start importing Assets/Seperate Projects/Joseph using Guid(a8544f35ff0b0ee45aff80013ea6e76a) Importer(815301076,1909f56bfc062723c751e8b465ee728b)  -> (artifact id: '8b45f1b959f7f111fa306ceae4875dc5') in 0.069678 seconds 
  Import took 0.077655 seconds .

========================================================================
Received Import Request.
  Time since last request: 7.625984 seconds.
  path: Assets/Seperate Projects/Xander
  artifactKey: Guid(c0eb60d11ec570647bf825891a01009a) Importer(815301076,1909f56bfc062723c751e8b465ee728b)
Start importing Assets/Seperate Projects/Xander using Guid(c0eb60d11ec570647bf825891a01009a) Importer(815301076,1909f56bfc062723c751e8b465ee728b)  -> (artifact id: '7a76df0681cf8c7503e2f26fae5d2e61') in 0.054162 seconds 
  Import took 0.060279 seconds .

========================================================================
Received Import Request.
  Time since last request: 56.057486 seconds.
  path: Assets/Main Game/Scenes
  artifactKey: Guid(1a0534e67930444469cfbab62563b73b) Importer(815301076,1909f56bfc062723c751e8b465ee728b)
Start importing Assets/Main Game/Scenes using Guid(1a0534e67930444469cfbab62563b73b) Importer(815301076,1909f56bfc062723c751e8b465ee728b)  -> (artifact id: 'b5752655f66392d19f7ad5921adc0be3') in 0.103353 seconds 
  Import took 0.115548 seconds .

========================================================================
Received Import Request.
  Time since last request: 7.459320 seconds.
  path: Assets/Main Game/Scripts
  artifactKey: Guid(f743c26399679164db0ed4e2b738a88b) Importer(815301076,1909f56bfc062723c751e8b465ee728b)
Start importing Assets/Main Game/Scripts using Guid(f743c26399679164db0ed4e2b738a88b) Importer(815301076,1909f56bfc062723c751e8b465ee728b)  -> (artifact id: '8f3e85b4f3a26201973f8084cf563199') in 0.109457 seconds 
  Import took 0.130225 seconds .

========================================================================
Received Import Request.
  Time since last request: 6.197493 seconds.
  path: Assets/Main Game/Sprites
  artifactKey: Guid(2019226baada70744b9733f9bb090de8) Importer(815301076,1909f56bfc062723c751e8b465ee728b)
Start importing Assets/Main Game/Sprites using Guid(2019226baada70744b9733f9bb090de8) Importer(815301076,1909f56bfc062723c751e8b465ee728b)  -> (artifact id: 'd256527e4f39ef5ffccc69a5a81495d9') in 0.205628 seconds 
  Import took 0.265614 seconds .

========================================================================
Received Import Request.
  Time since last request: 11.204845 seconds.
  path: Assets/Main Game/Scenes/Active Scenes
  artifactKey: Guid(4c8b292fc268644408afad09d09fbcb3) Importer(815301076,1909f56bfc062723c751e8b465ee728b)
Start importing Assets/Main Game/Scenes/Active Scenes using Guid(4c8b292fc268644408afad09d09fbcb3) Importer(815301076,1909f56bfc062723c751e8b465ee728b)  -> (artifact id: 'eb2a19b88d3d4ff2f62fba3fdd85a9f4') in 0.235965 seconds 
  Import took 0.342688 seconds .

========================================================================
Received Import Request.
  Time since last request: 11.033331 seconds.
  path: Assets/Main Game/Scenes/Non-Active Scenes
  artifactKey: Guid(3445a2c6fe0a2ac4ca9ef8f4ebab94b1) Importer(815301076,1909f56bfc062723c751e8b465ee728b)
Start importing Assets/Main Game/Scenes/Non-Active Scenes using Guid(3445a2c6fe0a2ac4ca9ef8f4ebab94b1) Importer(815301076,1909f56bfc062723c751e8b465ee728b)  -> (artifact id: '7f7e478c5ccc57a51c7646a7a5f00173') in 0.049598 seconds 
  Import took 0.054772 seconds .

========================================================================
Received Import Request.
  Time since last request: 13.218764 seconds.
  path: Assets/Main Game/Scripts/Active Scripts
  artifactKey: Guid(4ca064a676e56064d81d259149c8ac84) Importer(815301076,1909f56bfc062723c751e8b465ee728b)
Start importing Assets/Main Game/Scripts/Active Scripts using Guid(4ca064a676e56064d81d259149c8ac84) Importer(815301076,1909f56bfc062723c751e8b465ee728b)  -> (artifact id: 'da271c8b6eda23f82468a961ee5f3877') in 0.075126 seconds 
  Import took 0.090400 seconds .

========================================================================
Received Import Request.
  Time since last request: 9.144277 seconds.
  path: Assets/Main Game/Scripts/Non Active Scripts
  artifactKey: Guid(344cd34cd9318ed42a3bf443ad37c94f) Importer(815301076,1909f56bfc062723c751e8b465ee728b)
Start importing Assets/Main Game/Scripts/Non Active Scripts using Guid(344cd34cd9318ed42a3bf443ad37c94f) Importer(815301076,1909f56bfc062723c751e8b465ee728b)  -> (artifact id: 'd06080257c3fb92c82b33d1ae0f09007') in 0.057435 seconds 
  Import took 0.063079 seconds .

========================================================================
Received Import Request.
  Time since last request: 10.557980 seconds.
  path: Assets/Main Game/Sprites/Active Sprites
  artifactKey: Guid(92f693dd6df789d4698f005ec6735f9e) Importer(815301076,1909f56bfc062723c751e8b465ee728b)
Start importing Assets/Main Game/Sprites/Active Sprites using Guid(92f693dd6df789d4698f005ec6735f9e) Importer(815301076,1909f56bfc062723c751e8b465ee728b)  -> (artifact id: 'df84b423d6f73ea22bb3c3deafb3c1cd') in 0.052322 seconds 
  Import took 0.064452 seconds .

========================================================================
Received Import Request.
  Time since last request: 9.399778 seconds.
  path: Assets/Main Game/Sprites/Non-Active Sprites
  artifactKey: Guid(e370702147538cf4f89fc0084f55a91f) Importer(815301076,1909f56bfc062723c751e8b465ee728b)
Start importing Assets/Main Game/Sprites/Non-Active Sprites using Guid(e370702147538cf4f89fc0084f55a91f) Importer(815301076,1909f56bfc062723c751e8b465ee728b)  -> (artifact id: 'ef4f546b9a859a1befa34d1ad45fed1f') in 0.041793 seconds 
  Import took 0.074999 seconds .

========================================================================
Received Import Request.
  Time since last request: 13.715149 seconds.
  path: Assets/Main Game/Sprites/Square.prefab
  artifactKey: Guid(7a7e67fe1f98149479580f57874cb3c0) Importer(815301076,1909f56bfc062723c751e8b465ee728b)
Start importing Assets/Main Game/Sprites/Square.prefab using Guid(7a7e67fe1f98149479580f57874cb3c0) Importer(815301076,1909f56bfc062723c751e8b465ee728b)  -> (artifact id: '4668967aa6bd9b43e7cd0a4d7a1611e7') in 0.508902 seconds 
  Import took 0.527902 seconds .

========================================================================
Received Import Request.
  Time since last request: 16.087016 seconds.
  path: Assets/Main Game/Sprites/Prehab Sprites
  artifactKey: Guid(9c1f96915264f7f409618c2df7374b5f) Importer(815301076,1909f56bfc062723c751e8b465ee728b)
Start importing Assets/Main Game/Sprites/Prehab Sprites using Guid(9c1f96915264f7f409618c2df7374b5f) Importer(815301076,1909f56bfc062723c751e8b465ee728b)  -> (artifact id: '34282de77f079a875c39c7689940626d') in 0.080897 seconds 
  Import took 0.091945 seconds .

========================================================================
Received Import Request.
  Time since last request: 9.706326 seconds.
  path: Assets/Main Game/Sprites/Square.prefab
  artifactKey: Guid(7a7e67fe1f98149479580f57874cb3c0) Importer(815301076,1909f56bfc062723c751e8b465ee728b)
Start importing Assets/Main Game/Sprites/Square.prefab using Guid(7a7e67fe1f98149479580f57874cb3c0) Importer(815301076,1909f56bfc062723c751e8b465ee728b)  -> (artifact id: '406b08c3a7d8f78c4beb87587fe35e50') in 0.225609 seconds 
  Import took 0.244474 seconds .

========================================================================
Received Import Request.
  Time since last request: 12.690420 seconds.
  path: Assets/Main Game/Sprites/Prefab Sprites
  artifactKey: Guid(9c1f96915264f7f409618c2df7374b5f) Importer(815301076,1909f56bfc062723c751e8b465ee728b)
Start importing Assets/Main Game/Sprites/Prefab Sprites using Guid(9c1f96915264f7f409618c2df7374b5f) Importer(815301076,1909f56bfc062723c751e8b465ee728b)  -> (artifact id: 'b87a7eabaa7ce0747bb7768777d7e90e') in 0.046216 seconds 
  Import took 0.065867 seconds .

========================================================================
Received Import Request.
  Time since last request: 38.921739 seconds.
  path: Assets/Main Game/Scenes/New Folder
  artifactKey: Guid(b38a628a4d28fc746936f688dab859f0) Importer(815301076,1909f56bfc062723c751e8b465ee728b)
Start importing Assets/Main Game/Scenes/New Folder using Guid(b38a628a4d28fc746936f688dab859f0) Importer(815301076,1909f56bfc062723c751e8b465ee728b)  -> (artifact id: '918a7f352db061e79c64e0003dd17066') in 0.067622 seconds 
  Import took 0.077237 seconds .

========================================================================
Received Import Request.
  Time since last request: 28.604921 seconds.
  path: Assets/Main Game/Scenes/Active Scenes/Title Screen.unity
  artifactKey: Guid(88e6b1da181701f4db9e4d8c2de491c3) Importer(815301076,1909f56bfc062723c751e8b465ee728b)
Start importing Assets/Main Game/Scenes/Active Scenes/Title Screen.unity using Guid(88e6b1da181701f4db9e4d8c2de491c3) Importer(815301076,1909f56bfc062723c751e8b465ee728b)  -> (artifact id: '3336cf50c12acb2a2dbbd343fd93272f') in 0.046558 seconds 
  Import took 0.052175 seconds .

========================================================================
Received Import Request.
  Time since last request: 8.312915 seconds.
  path: Assets/Main Game/Scenes/Active Scenes/Main Menu.unity
  artifactKey: Guid(00f52974285fd184a9b3c897bd63c6b0) Importer(815301076,1909f56bfc062723c751e8b465ee728b)
Start importing Assets/Main Game/Scenes/Active Scenes/Main Menu.unity using Guid(00f52974285fd184a9b3c897bd63c6b0) Importer(815301076,1909f56bfc062723c751e8b465ee728b)  -> (artifact id: '3997600bdd65118e317de7eedee544c9') in 0.047792 seconds 
  Import took 0.101009 seconds .

========================================================================
Received Import Request.
  Time since last request: 11.463631 seconds.
  path: Assets/Main Game/Scenes/Active Scenes/Main Game.unity
  artifactKey: Guid(a2f1bc317bd35e845bc3fd445ffb2fb6) Importer(815301076,1909f56bfc062723c751e8b465ee728b)
Start importing Assets/Main Game/Scenes/Active Scenes/Main Game.unity using Guid(a2f1bc317bd35e845bc3fd445ffb2fb6) Importer(815301076,1909f56bfc062723c751e8b465ee728b)  -> (artifact id: 'e6be6eb2f2234ea18738cfd8894d1a4e') in 0.030895 seconds 
  Import took 0.077280 seconds .

========================================================================
Received Import Request.
  Time since last request: 23.060027 seconds.
  path: Assets/Main Game/Scenes/Non-Active Scenes/Test Scene.unity
  artifactKey: Guid(1e45f76a6efd4d3468b3d7802fd723d4) Importer(815301076,1909f56bfc062723c751e8b465ee728b)
Start importing Assets/Main Game/Scenes/Non-Active Scenes/Test Scene.unity using Guid(1e45f76a6efd4d3468b3d7802fd723d4) Importer(815301076,1909f56bfc062723c751e8b465ee728b)  -> (artifact id: 'a006f62ef2ed7754e2d1dcbab7242e49') in 0.058073 seconds 
  Import took 0.082814 seconds .

========================================================================
Received Import Request.
  Time since last request: 9.043759 seconds.
  path: Assets/Main Game/Scenes/Non-Active Scenes/Test Scene 2.unity
  artifactKey: Guid(d33934ea3350bc549a1c18ac980da1f7) Importer(815301076,1909f56bfc062723c751e8b465ee728b)
Start importing Assets/Main Game/Scenes/Non-Active Scenes/Test Scene 2.unity using Guid(d33934ea3350bc549a1c18ac980da1f7) Importer(815301076,1909f56bfc062723c751e8b465ee728b)  -> (artifact id: 'beba064cc02acbe6d962389fbca5335b') in 0.062307 seconds 
  Import took 0.068601 seconds .

========================================================================
Received Import Request.
  Time since last request: 8.935518 seconds.
  path: Assets/Main Game/Scenes/Non-Active Scenes/Test Scene 3.unity
  artifactKey: Guid(28fff8d0a48cfc9429bdc30ea4702c56) Importer(815301076,1909f56bfc062723c751e8b465ee728b)
Start importing Assets/Main Game/Scenes/Non-Active Scenes/Test Scene 3.unity using Guid(28fff8d0a48cfc9429bdc30ea4702c56) Importer(815301076,1909f56bfc062723c751e8b465ee728b)  -> (artifact id: 'cd135c92b80d61647da03bf85f46964c') in 0.117649 seconds 
  Import took 0.141860 seconds .

